生成启动时间为 2019/4/20 15:15:47。
     1>项目“F:\研一课程类\机器视觉\cpp2mexw64\cpp2mexw64\cpp2mexw64.vcxproj”在节点 2 上(Build 个目标)。
     1>ClCompile:
         D:\vs2013\VC\bin\x86_amd64\CL.exe /c /Zi /nologo /W3 /WX- /sdl- /O2 /Oi /GL /D _MBCS /Gm- /EHsc /MD /GS /Gy /fp:precise /Zc:wchar_t /Zc:forScope /Fo"x64\Release\\" /Fd"x64\Release\vc120.pdb" /Gd /TP /errorReport:prompt test.cpp
         test.cpp
     1>test.cpp(2688): warning C4267: “=”: 从“size_t”转换到“int”，可能丢失数据
     1>test.cpp(2714): warning C4267: “初始化”: 从“size_t”转换到“int”，可能丢失数据
     1>test.cpp(2720): warning C4267: “=”: 从“size_t”转换到“int”，可能丢失数据
     1>test.cpp(4331): warning C4267: “=”: 从“size_t”转换到“unsigned int”，可能丢失数据
     1>test.cpp(4351): warning C4267: “参数”: 从“size_t”转换到“int”，可能丢失数据
     1>test.cpp(4441): warning C4267: “=”: 从“size_t”转换到“unsigned int”，可能丢失数据
     1>test.cpp(4454): warning C4267: “=”: 从“size_t”转换到“int”，可能丢失数据
     1>test.cpp(4461): warning C4267: “参数”: 从“size_t”转换到“int”，可能丢失数据
     1>test.cpp(4519): warning C4267: “初始化”: 从“size_t”转换到“int”，可能丢失数据
     1>test.cpp(5016): warning C4244: “参数”: 从“double”转换到“int”，可能丢失数据
       Link:
         D:\vs2013\VC\bin\x86_amd64\link.exe /ERRORREPORT:PROMPT /OUT:"F:\研一课程类\机器视觉\cpp2mexw64\x64\Release\cpp2mexw64.exe" /NOLOGO opencv_objdetect249.lib opencv_ts249.lib opencv_video249.lib opencv_nonfree249.lib opencv_ocl249.lib opencv_photo249.lib opencv_stitching249.lib opencv_superres249.lib opencv_videostab249.lib opencv_calib3d249.lib opencv_contrib249.lib opencv_core249.lib opencv_features2d249.lib opencv_flann249.lib opencv_gpu249.lib opencv_highgui249.lib opencv_imgproc249.lib opencv_legacy249.lib opencv_ml249.lib gpu.lib libcovrt.lib libemlrt.lib libeng.lib libfixedpoint.lib libmat.lib libMatlabCppSharedLib.lib libMatlabDataArray.lib libMatlabEngine.lib libmex.lib libmwblas.lib libmwblascompat32.lib libmwboxfilter.lib libmwboxfilter3.lib libmwbwdistEDT.lib libmwbwdistEDTFT.lib libmwbwdistEDTFT_tbb.lib libmwbwdistEDT_tbb.lib libmwbwlookup.lib libmwbwlookup_tbb.lib libmwbwpackc.lib libmwbwpackctbb.lib libmwbwunpackc.lib libmwbwunpackctbb.lib libmwcannythresholding_tbb.lib libmwcgir_construct.lib libmwcgxert.lib libmwcoderprofile.lib libmwcoder_CodeInstrHostAppSvc.lib libmwcoder_CodeInstrTgtAppSvc.lib libmwcoder_CoderAssumpHostAppSvc.lib libmwcoder_CoderAssumpTgtAppSvc.lib libmwcoder_connectivity_memunit.lib libmwcoder_ParamTuningTgtAppSvc.lib libmwcoder_RTIOStreamHostAppSvc.lib libmwcoder_RTIOStreamTgtAppSvc.lib libmwcoder_target_services.lib libmwcoder_ToAsyncQueueTgtAppSvc.lib libmwcoder_XILHostAppSvc.lib libmwcoder_XILTgtAppSvc.lib libmwComputeMetric.lib libmwddist.lib libmwedgesobelprewitt_tbb.lib libmwedgethinning_tbb.lib libmwforegroundDetector.lib libmwgetnumcores.lib libmwgrayto16.lib libmwgrayto8.lib libmwgrayxform.lib libmwgrayxform_tbb.lib libmwimfilter.lib libmwimlincomb.lib libmwimlincomb_tbb.lib libmwimreconstruct.lib libmwimregionalmax.lib libmwint16touint16.lib libmwint32touint32.lib libmwint8touint8.lib libmwintlut.lib libmwintluttbb.lib libmwipp.lib libmwippfilter.lib libmwippgeotrans.lib libmwippmedianfilter.lib libmwippreconstruct.lib libmwjpegreader.lib libmwlapack.lib libmwmathutil.lib libmwmorphop_binary.lib libmwmorphop_binary_tbb.lib libmwmorphop_flat.lib libmwmorphop_flat_tbb.lib libmwmorphop_nonflat.lib libmwmorphop_nonflat_tbb.lib libmwmorphop_ocv.lib libmwmorphop_packed.lib libmwocvgpumex.lib libmwocvmex.lib libmwordfilt2.lib libmwpolyfun.lib libmwremap.lib libmwremaptbb.lib libmwrgb2gray_tbb.lib libmwrgb2hsv_tbb.lib libmwrtiostreamutils.lib libmwsdi_raccel.lib libmwservices.lib libmwsigstream.lib libmwsimulink.lib libmwslexec_parallel.lib libmwslexec_simbridge.lib libmwslexec_simlog.lib libmwslio_clients.lib libmwslio_core.lib libmwsltest_raccel.lib libmwsl_AsyncioQueue.lib libmwsl_fileio.lib libmwsl_log_load_blocks.lib libmwsl_services.lib libmwsl_sfcn_cov_bridge.lib libmwsl_sfcn_loader.lib libmwsl_simtarget_core.lib libmwsl_simtarget_instrumentation.lib libmwsl_solver_rtw.lib libmwstringutil.lib libmwtbbhist.lib libmwuint16toint16.lib libmwxilcomms.lib libmwxilcomms_rtiostream.lib libmwxilutils.lib libmwxilutils_sl.lib libmx.lib libut.lib mclbase.lib mclcommain.lib mclmcr.lib mclmcrrt.lib mclxlmain.lib ne_mli.lib ocrutils.lib physmod_common_external_library_kernel.lib physmod_common_foundation_core_performance.lib physmod_common_foundation_core_util.lib physmod_common_foundation_sli_util.lib rtwcg.lib sf_runtime.lib SimulinkBlock.lib kernel32.lib user32.lib gdi32.lib winspool.lib comdlg32.lib advapi32.lib shell32.lib ole32.lib oleaut32.lib uuid.lib odbc32.lib odbccp32.lib /DEF:"test.def" /MANIFEST /MANIFESTUAC:"level='asInvoker' uiAccess='false'" /manifest:embed /DEBUG /PDB:"F:\研一课程类\机器视觉\cpp2mexw64\x64\Release\cpp2mexw64.pdb" /OPT:REF /OPT:ICF /LTCG /TLBID:1 /DYNAMICBASE /NXCOMPAT /IMPLIB:"F:\研一课程类\机器视觉\cpp2mexw64\x64\Release\cpp2mexw64.lib" /MACHINE:X64 x64\Release\test.obj
            正在创建库 F:\研一课程类\机器视觉\cpp2mexw64\x64\Release\cpp2mexw64.lib 和对象 F:\研一课程类\机器视觉\cpp2mexw64\x64\Release\cpp2mexw64.exp
     1>cpp2mexw64.exp : warning LNK4070: .EXP 中的 /OUT:testp.dll 指令与输出文件名“F:\研一课程类\机器视觉\cpp2mexw64\x64\Release\cpp2mexw64.exe”不同；忽略指令
         正在生成代码
         已完成代码的生成
     1>cpp2mexw64.exp : warning LNK4070: .EXP 中的 /OUT:testp.dll 指令与输出文件名“F:\研一课程类\机器视觉\cpp2mexw64\x64\Release\cpp2mexw64.exe”不同；忽略指令
         cpp2mexw64.vcxproj -> F:\研一课程类\机器视觉\cpp2mexw64\x64\Release\cpp2mexw64.exe
     1>已完成生成项目“F:\研一课程类\机器视觉\cpp2mexw64\cpp2mexw64\cpp2mexw64.vcxproj”(Build 个目标)的操作。

生成成功。

已用时间 00:00:03.23
